<?xml version="1.0" encoding="UTF-8"?>
<!-- Generated by org.testng.reporters.JUnitReportReporter -->
<testsuite skipped="0" hostname="Subhankar-PC" name="TestNGTest.TestNGExtentREport" tests="7" failures="0" timestamp="01 Sep 2022 15:47:01 GMT" time="43.527" errors="0">
  <testcase name="testCase1" time="6.214" classname="TestNGTest.TestNGExtentREport"/>
  <testcase name="testCase3" time="5.005" classname="TestNGTest.TestNGExtentREport"/>
  <testcase name="testCase1" time="7.118" classname="TestNGTest.TestNGExtentREport"/>
  <testcase name="testCase1" time="6.465" classname="TestNGTest.TestNGExtentREport"/>
  <testcase name="testCase1" time="5.737" classname="TestNGTest.TestNGExtentREport"/>
  <testcase name="testCase1" time="7.733" classname="TestNGTest.TestNGExtentREport"/>
  <testcase name="testCase2" time="5.255" classname="TestNGTest.TestNGExtentREport"/>
</testsuite> <!-- TestNGTest.TestNGExtentREport -->
