<?xml version="1.0" encoding="UTF-8"?>
<!-- Generated by org.testng.reporters.JUnitReportReporter -->
<testsuite skipped="0" hostname="Subhankar-PC" name="TestNGTest.TestNGExtentREport" tests="7" failures="0" timestamp="02 Sep 2022 14:12:30 GMT" time="52.328" errors="0">
  <testcase name="testCase1" time="5.582" classname="TestNGTest.TestNGExtentREport"/>
  <testcase name="testCase1" time="8.045" classname="TestNGTest.TestNGExtentREport"/>
  <testcase name="testCase1" time="11.103" classname="TestNGTest.TestNGExtentREport"/>
  <testcase name="testCase1" time="9.775" classname="TestNGTest.TestNGExtentREport"/>
  <testcase name="testCase1" time="6.269" classname="TestNGTest.TestNGExtentREport"/>
  <testcase name="testCase3" time="4.663" classname="TestNGTest.TestNGExtentREport"/>
  <testcase name="testCase2" time="6.891" classname="TestNGTest.TestNGExtentREport"/>
</testsuite> <!-- TestNGTest.TestNGExtentREport -->
