<?xml version="1.0" encoding="UTF-8"?>
<!-- Generated by org.testng.reporters.JUnitReportReporter -->
<testsuite skipped="0" hostname="Subhankar-PC" name="TestNGTest.googlesearch" tests="1" failures="0" timestamp="31 Aug 2022 15:27:57 GMT" time="1.493" errors="0">
  <testcase name="serchtest" time="1.493" classname="TestNGTest.googlesearch"/>
</testsuite> <!-- TestNGTest.googlesearch -->
