<?xml version="1.0" encoding="UTF-8"?>
<!-- Generated by org.testng.reporters.JUnitReportReporter -->
<testsuite skipped="0" hostname="Subhankar-PC" name="TestNGTest.TestNGExtentREport" tests="7" failures="0" timestamp="31 Aug 2022 16:39:44 GMT" time="46.691" errors="0">
  <testcase name="testCase1" time="6.266" classname="TestNGTest.TestNGExtentREport"/>
  <testcase name="testCase1" time="6.701" classname="TestNGTest.TestNGExtentREport"/>
  <testcase name="testCase1" time="7.912" classname="TestNGTest.TestNGExtentREport"/>
  <testcase name="testCase1" time="6.696" classname="TestNGTest.TestNGExtentREport"/>
  <testcase name="testCase3" time="5.206" classname="TestNGTest.TestNGExtentREport"/>
  <testcase name="testCase1" time="6.189" classname="TestNGTest.TestNGExtentREport"/>
  <testcase name="testCase2" time="7.721" classname="TestNGTest.TestNGExtentREport"/>
</testsuite> <!-- TestNGTest.TestNGExtentREport -->
