<?xml version="1.0" encoding="UTF-8"?>
<!-- Generated by org.testng.reporters.JUnitReportReporter -->
<testsuite skipped="0" hostname="Subhankar-PC" name="TestNGTest.TestNGExtentREport" tests="7" failures="0" timestamp="31 Aug 2022 16:51:54 GMT" time="42.437" errors="0">
  <testcase name="testCase1" time="6.755" classname="TestNGTest.TestNGExtentREport"/>
  <testcase name="testCase1" time="7.060" classname="TestNGTest.TestNGExtentREport"/>
  <testcase name="testCase1" time="6.505" classname="TestNGTest.TestNGExtentREport"/>
  <testcase name="testCase1" time="7.682" classname="TestNGTest.TestNGExtentREport"/>
  <testcase name="testCase3" time="2.905" classname="TestNGTest.TestNGExtentREport"/>
  <testcase name="testCase1" time="5.586" classname="TestNGTest.TestNGExtentREport"/>
  <testcase name="testCase2" time="5.944" classname="TestNGTest.TestNGExtentREport"/>
</testsuite> <!-- TestNGTest.TestNGExtentREport -->
